This is pdfTeX, Version 3.14159265-2.6-1.40.16 (MiKTeX 2.9) (preloaded format=pdflatex 2015.9.10)  5 DEC 2015 14:22
entering extended mode
**"C:/Users/Avell G1711 NEW/Desktop/Monografia/Seminário/presentation_1/presen
tation_1.tex"

("C:/Users/Avell G1711 NEW/Desktop/Monografia/Seminário/presentation_1/present
ation_1.tex"
LaTeX2e <2015/01/01> patch level 2
Babel <3.9m> and hyphenation patterns for 69 languages loaded.
(beamer.cls (beamerbasercs.sty
Package: beamerbasercs 2007/01/28 (rcs-revision 1.4)
)
Document Class: beamer 2007/03/11 cvs version 3.07 A class for typesetting pres
entations (rcs-revision 1.70)
(beamerbasemodes.sty
Package: beamerbasemodes 2007/01/28 (rcs-revision 1.22)
\beamer@tempbox=\box26
\beamer@tempcount=\count79
\c@beamerpauses=\count80
 (beamerbasedecode.sty
Package: beamerbasedecode 2007/01/28 (rcs-revision 1.20)
\beamer@slideinframe=\count81
\beamer@minimum=\count82
)
\beamer@commentbox=\box27
\beamer@modecount=\count83
)
\headheight=\dimen102
\headdp=\dimen103
\footheight=\dimen104
\sidebarheight=\dimen105
\beamer@tempdim=\dimen106
\beamer@finalheight=\dimen107
\beamer@animht=\dimen108
\beamer@animdp=\dimen109
\beamer@animwd=\dimen110
\beamer@leftmargin=\dimen111
\beamer@rightmargin=\dimen112
\beamer@leftsidebar=\dimen113
\beamer@rightsidebar=\dimen114
\beamer@boxsize=\dimen115
\beamer@vboxoffset=\dimen116
\beamer@descdefault=\dimen117
\beamer@descriptionwidth=\dimen118
\beamer@lastskip=\skip41
\beamer@areabox=\box28
\beamer@animcurrent=\box29
\beamer@animshowbox=\box30
\beamer@sectionbox=\box31
\beamer@logobox=\box32
\beamer@linebox=\box33
\beamer@sectioncount=\count84
\beamer@subsubsectionmax=\count85
\beamer@subsectionmax=\count86
\beamer@sectionmax=\count87
\beamer@totalheads=\count88
\beamer@headcounter=\count89
\beamer@partstartpage=\count90
\beamer@sectionstartpage=\count91
\beamer@subsectionstartpage=\count92
\beamer@animationtempa=\count93
\beamer@animationtempb=\count94
\beamer@xpos=\count95
\beamer@ypos=\count96
\beamer@showpartnumber=\count97
\beamer@currentsubsection=\count98
\beamer@coveringdepth=\count99
\beamer@sectionadjust=\count100
\beamer@tocsectionnumber=\count101
 (beamerbaseoptions.sty
Package: beamerbaseoptions 2007/01/28 (rcs-revision 1.8)

("C:\Program Files (x86)\MiKTeX 2.9\tex\latex\graphics\keyval.sty"
Package: keyval 2014/10/28 v1.15 key=value parser (DPC)
\KV@toks@=\toks14
))

! LaTeX Error: File `pgfcore.sty' not found.

Type X to quit or <RETURN> to proceed,
or enter new name. (Default extension: sty)

Enter file name: 

! LaTeX Error: File `pgfbaseimage.sty' not found.

Type X to quit or <RETURN> to proceed,
or enter new name. (Default extension: sty)

Enter file name: 

! LaTeX Error: File `xxcolor.sty' not found.

Type X to quit or <RETURN> to proceed,
or enter new name. (Default extension: sty)

Enter file name: 
("C:\Program Files (x86)\MiKTeX 2.9\tex\latex\amsfonts\amssymb.sty"
Package: amssymb 2013/01/14 v3.01 AMS font symbols

("C:\Program Files (x86)\MiKTeX 2.9\tex\latex\amsfonts\amsfonts.sty"
Package: amsfonts 2013/01/14 v3.01 Basic AMSFonts support
\@emptytoks=\toks15
\symAMSa=\mathgroup4
\symAMSb=\mathgroup5
LaTeX Font Info:    Overwriting math alphabet `\mathfrak' in version `bold'
(Font)                  U/euf/m/n --> U/euf/b/n on input line 106.
))
("C:\Program Files (x86)\MiKTeX 2.9\tex\latex\geometry\geometry.sty"
Package: geometry 2010/09/12 v5.6 Page Geometry

("C:\Program Files (x86)\MiKTeX 2.9\tex\generic\oberdiek\ifpdf.sty"
Package: ifpdf 2011/01/30 v2.3 Provides the ifpdf switch (HO)
Package ifpdf Info: pdfTeX in PDF mode is detected.
)
("C:\Program Files (x86)\MiKTeX 2.9\tex\generic\oberdiek\ifvtex.sty"
Package: ifvtex 2010/03/01 v1.5 Detect VTeX and its facilities (HO)
Package ifvtex Info: VTeX not detected.
)
("C:\Program Files (x86)\MiKTeX 2.9\tex\generic\ifxetex\ifxetex.sty"
Package: ifxetex 2010/09/12 v0.6 Provides ifxetex conditional
)
\Gm@cnth=\count102
\Gm@cntv=\count103
\c@Gm@tempcnt=\count104
\Gm@bindingoffset=\dimen119
\Gm@wd@mp=\dimen120
\Gm@odd@mp=\dimen121
\Gm@even@mp=\dimen122
\Gm@layoutwidth=\dimen123
\Gm@layoutheight=\dimen124
\Gm@layouthoffset=\dimen125
\Gm@layoutvoffset=\dimen126
\Gm@dimlist=\toks16

("C:\Program Files (x86)\MiKTeX 2.9\tex\latex\geometry\geometry.cfg"))
("C:\Program Files (x86)\MiKTeX 2.9\tex\latex\hyperref\hyperref.sty"
Package: hyperref 2012/11/06 v6.83m Hypertext links for LaTeX

("C:\Program Files (x86)\MiKTeX 2.9\tex\generic\oberdiek\hobsub-hyperref.sty"
Package: hobsub-hyperref 2012/04/25 v1.12 Bundle oberdiek, subset hyperref (HO)


("C:\Program Files (x86)\MiKTeX 2.9\tex\generic\oberdiek\hobsub-generic.sty"
Package: hobsub-generic 2012/04/25 v1.12 Bundle oberdiek, subset generic (HO)
Package: hobsub 2012/04/25 v1.12 Construct package bundles (HO)
Package: infwarerr 2010/04/08 v1.3 Providing info/warning/error messages (HO)
Package: ltxcmds 2011/11/09 v1.22 LaTeX kernel commands for general use (HO)
Package: ifluatex 2010/03/01 v1.3 Provides the ifluatex switch (HO)
Package ifluatex Info: LuaTeX not detected.
Package hobsub Info: Skipping package `ifvtex' (already loaded).
Package: intcalc 2007/09/27 v1.1 Expandable calculations with integers (HO)
Package hobsub Info: Skipping package `ifpdf' (already loaded).
Package: etexcmds 2011/02/16 v1.5 Avoid name clashes with e-TeX commands (HO)
Package etexcmds Info: Could not find \expanded.
(etexcmds)             That can mean that you are not using pdfTeX 1.50 or
(etexcmds)             that some package has redefined \expanded.
(etexcmds)             In the latter case, load this package earlier.
Package: kvsetkeys 2012/04/25 v1.16 Key value parser (HO)
Package: kvdefinekeys 2011/04/07 v1.3 Define keys (HO)
Package: pdftexcmds 2011/11/29 v0.20 Utility functions of pdfTeX for LuaTeX (HO
)
Package pdftexcmds Info: LuaTeX not detected.
Package pdftexcmds Info: \pdf@primitive is available.
Package pdftexcmds Info: \pdf@ifprimitive is available.
Package pdftexcmds Info: \pdfdraftmode found.
Package: pdfescape 2011/11/25 v1.13 Implements pdfTeX's escape features (HO)
Package: bigintcalc 2012/04/08 v1.3 Expandable calculations on big integers (HO
)
Package: bitset 2011/01/30 v1.1 Handle bit-vector datatype (HO)
Package: uniquecounter 2011/01/30 v1.2 Provide unlimited unique counter (HO)
)
Package hobsub Info: Skipping package `hobsub' (already loaded).
Package: letltxmacro 2010/09/02 v1.4 Let assignment for LaTeX macros (HO)
Package: hopatch 2011/06/24 v1.1 Wrapper for package hooks (HO)
Package: xcolor-patch 2011/01/30 xcolor patch
Package: atveryend 2011/06/30 v1.8 Hooks at the very end of document (HO)
Package atveryend Info: \enddocument detected (standard20110627).
Package: atbegshi 2011/10/05 v1.16 At begin shipout hook (HO)
Package: refcount 2011/10/16 v3.4 Data extraction from label references (HO)
Package: hycolor 2011/01/30 v1.7 Color options for hyperref/bookmark (HO)
)
("C:\Program Files (x86)\MiKTeX 2.9\tex\latex\oberdiek\auxhook.sty"
Package: auxhook 2011/03/04 v1.3 Hooks for auxiliary files (HO)
)
("C:\Program Files (x86)\MiKTeX 2.9\tex\latex\oberdiek\kvoptions.sty"
Package: kvoptions 2011/06/30 v3.11 Key value format for package options (HO)
)
\@linkdim=\dimen127
\Hy@linkcounter=\count105
\Hy@pagecounter=\count106

("C:\Program Files (x86)\MiKTeX 2.9\tex\latex\hyperref\pd1enc.def"
File: pd1enc.def 2012/11/06 v6.83m Hyperref: PDFDocEncoding definition (HO)
)
\Hy@SavedSpaceFactor=\count107

("C:\Program Files (x86)\MiKTeX 2.9\tex\latex\00miktex\hyperref.cfg"
File: hyperref.cfg 2002/06/06 v1.2 hyperref configuration of TeXLive
)
Package hyperref Info: Option `bookmarks' set `true' on input line 4319.
Package hyperref Info: Option `bookmarksopen' set `true' on input line 4319.
Package hyperref Info: Option `implicit' set `false' on input line 4319.
Package hyperref Info: Hyper figures OFF on input line 4443.
Package hyperref Info: Link nesting OFF on input line 4448.
Package hyperref Info: Hyper index ON on input line 4451.
Package hyperref Info: Plain pages OFF on input line 4458.
Package hyperref Info: Backreferencing OFF on input line 4463.
Package hyperref Info: Implicit mode OFF; no redefinition of LaTeX internals.
Package hyperref Info: Bookmarks ON on input line 4688.
\c@Hy@tempcnt=\count108

("C:\Program Files (x86)\MiKTeX 2.9\tex\latex\url\url.sty"
\Urlmuskip=\muskip10
Package: url 2013/09/16  ver 3.4  Verb mode for urls, etc.
)
LaTeX Info: Redefining \url on input line 5041.
\XeTeXLinkMargin=\dimen128
\Fld@menulength=\count109
\Field@Width=\dimen129
\Fld@charsize=\dimen130
Package hyperref Info: Hyper figures OFF on input line 6295.
Package hyperref Info: Link nesting OFF on input line 6300.
Package hyperref Info: Hyper index ON on input line 6303.
Package hyperref Info: backreferencing OFF on input line 6310.
Package hyperref Info: Link coloring OFF on input line 6315.
Package hyperref Info: Link coloring with OCG OFF on input line 6320.
Package hyperref Info: PDF/A mode OFF on input line 6325.
LaTeX Info: Redefining \ref on input line 6365.
LaTeX Info: Redefining \pageref on input line 6369.


Package hyperref Warning: Option `pdfpagelabels' is turned off
(hyperref)                because \thepage is undefined.


Package hyperref Message: Stopped early.

)

Package hyperref Message: Driver (autodetected): hpdftex.

("C:\Program Files (x86)\MiKTeX 2.9\tex\latex\hyperref\hpdftex.def"
File: hpdftex.def 2012/11/06 v6.83m Hyperref driver for pdfTeX
\Fld@listcount=\count110
\c@bookmark@seq@number=\count111

("C:\Program Files (x86)\MiKTeX 2.9\tex\latex\oberdiek\rerunfilecheck.sty"
Package: rerunfilecheck 2011/04/15 v1.7 Rerun checks for auxiliary files (HO)
Package uniquecounter Info: New unique counter `rerunfilecheck' on input line 2
82.
))
("C:\Program Files (x86)\MiKTeX 2.9\tex\latex\base\size11.clo"
File: size11.clo 2014/09/29 v1.4h Standard LaTeX file (size option)
)
(beamerbasecompatibility.sty
Package: beamerbasecompatibility 2007/01/28 (rcs-revision 1.63)
) (beamerbasefont.sty
Package: beamerbasefont 2007/01/28 (rcs-revision 1.16)
) (beamerbasemisc.sty
Package: beamerbasemisc 2007/01/28 (rcs-revision 1.24)
)
(beamerbasetwoscreens.sty
Package: beamerbasetwoscreens 2007/01/28 (rcs-revision 1.7)
) (beamerbaseoverlay.sty
Package: beamerbaseoverlay 2007/01/28 (rcs-revision 1.50)
\beamer@argscount=\count112
\beamer@lastskipcover=\skip42

! Undefined control sequence.
l.361 \newcolormixin
                    \beamer@colorhook
? 
! Undefined control sequence.
l.361 \newcolormixin\beamer@colorhook
                                     
? 
\beamer@trivlistdepth=\count113
) (beamerbasetitle.sty
Package: beamerbasetitle 2007/01/28 (rcs-revision 1.25)
) (beamerbasesection.sty
Package: beamerbasesection 2007/01/28 (rcs-revision 1.21)
\c@lecture=\count114
\c@part=\count115
\c@section=\count116
\c@subsection=\count117
\c@subsubsection=\count118
) (beamerbaseframe.sty
Package: beamerbaseframe 2007/01/28 (rcs-revision 1.60)
\beamer@framebox=\box34
\beamer@frametitlebox=\box35
\beamer@zoombox=\box36
\beamer@zoomcount=\count119
\beamer@zoomframecount=\count120
\beamer@frametextheight=\dimen131
\c@subsectionslide=\count121
\beamer@frametopskip=\skip43
\beamer@framebottomskip=\skip44
\beamer@frametopskipautobreak=\skip45
\beamer@framebottomskipautobreak=\skip46
\beamer@envbody=\toks17
\c@framenumber=\count122
)
(beamerbaseverbatim.sty
Package: beamerbaseverbatim 2007/01/28 (rcs-revision 1.8)
\beamer@verbatimfileout=\write3
) (beamerbaseframesize.sty
Package: beamerbaseframesize 2007/01/28 (rcs-revision 1.18)
\beamer@splitbox=\box37
\beamer@autobreakcount=\count123
\beamer@autobreaklastheight=\dimen132
\beamer@frametitletoks=\toks18
\beamer@framesubtitletoks=\toks19
)
(beamerbaseframecomponents.sty
Package: beamerbaseframecomponents 2007/01/28 (rcs-revision 1.41)
\beamer@footins=\box38
) (beamerbasecolor.sty
Package: beamerbasecolor 2007/01/28 (rcs-revision 1.42)

! Undefined control sequence.
l.109 \colorlet
               {fg}{black}
? 

! LaTeX Error: Missing \begin{document}.

See the LaTeX manual or LaTeX Companion for explanation.
Type  H <return>  for immediate help.
 ...                                              
                                                  
l.109 \colorlet{f
                 g}{black}
? 
! Undefined control sequence.
l.110 \colorlet
               {bg}{white}
? 
! Undefined control sequence.
l.373 \colorlet
               {alert}{red!95!black}
? 

! LaTeX Error: Missing \begin{document}.

See the LaTeX manual or LaTeX Companion for explanation.
Type  H <return>  for immediate help.
 ...                                              
                                                  
l.373 \colorlet{a
                 lert}{red!95!black}
? 
! Undefined control sequence.
l.374 \definecolor
                  {structure}{rgb}{0.2,0.2,0.7} % dummy -- not used
? 
! Undefined control sequence.
l.376 \colorlet
               {beameralert}{alert}
? 

! LaTeX Error: Missing \begin{document}.

See the LaTeX manual or LaTeX Companion for explanation.
Type  H <return>  for immediate help.
 ...                                              
                                                  
l.376 \colorlet{b
                 eameralert}{alert}
? 
! Undefined control sequence.
l.377 \colorlet
               {beamerexample}{green!50!black}
? 
! Undefined control sequence.
l.378 \colorlet
               {beamerstructure}{structure} % dummy
? 
) (beamerbasenotes.sty
Package: beamerbasenotes 2007/01/28 (rcs-revision 1.23)
\beamer@frameboxcopy=\box39
) (beamerbasetoc.sty
Package: beamerbasetoc 2007/01/28 (rcs-revision 1.21)
) (beamerbasetemplates.sty
Package: beamerbasetemplates 2007/01/28 (rcs-revision 1.51)
\beamer@sbttoks=\toks20

(beamerbaseauxtemplates.sty
Package: beamerbaseauxtemplates 2007/01/28 (rcs-revision 1.28)
 (beamerbaseboxes.sty
Package: beamerbaseboxes 2007/03/11 (rcs-revision 1.32)
\bmb@box=\box40
\bmb@colorbox=\box41
\bmb@boxshadow=\box42
\bmb@boxshadowball=\box43
\bmb@boxshadowballlarge=\box44
\bmb@temp=\dimen133
\bmb@dima=\dimen134
\bmb@dimb=\dimen135
\bmb@prevheight=\dimen136

! Undefined control sequence.
l.241 \pgfdeclareradialshading
                              [black,bg]{bmb@shadowball}{\pgfpointorigin}{%
? 

! LaTeX Error: Missing \begin{document}.

See the LaTeX manual or LaTeX Companion for explanation.
Type  H <return>  for immediate help.
 ...                                              
                                                  
l.241 \pgfdeclareradialshading[
                               black,bg]{bmb@shadowball}{\pgfpointorigin}{%
? 
! Undefined control sequence.
l.241 ...black,bg]{bmb@shadowball}{\pgfpointorigin
                                                  }{%
? 
! Undefined control sequence.
l.243 \pgfdeclareradialshading
                              [black,bg]{bmb@shadowballlarge}{\pgfpointorigi...

? 
! Undefined control sequence.
l.243 ...,bg]{bmb@shadowballlarge}{\pgfpointorigin
                                                  }{%
? 
! Undefined control sequence.
l.245 \pgfdeclareverticalshading
                                [black,bg]{bmb@shadow}{200cm}{%
? 
! Undefined control sequence.
l.249 \pgfdeclareverticalshading
                                [lower.bg,upper.bg]{bmb@transition}{200cm}{%
? 

! LaTeX Error: Missing \begin{document}.

See the LaTeX manual or LaTeX Companion for explanation.
Type  H <return>  for immediate help.
 ...                                              
                                                  
l.249 \pgfdeclareverticalshading[
                                 lower.bg,upper.bg]{bmb@transition}{200cm}{%
? 
)
! Undefined control sequence.
l.24 \pgfdeclareradialshading
                             [bg,parent.bg]{tocsphere}{\pgfpoint{-0.5ex}{0.6...

? 

! LaTeX Error: Missing \begin{document}.

See the LaTeX manual or LaTeX Companion for explanation.
Type  H <return>  for immediate help.
 ...                                              
                                                  
l.24 \pgfdeclareradialshading[
                              bg,parent.bg]{tocsphere}{\pgfpoint{-0.5ex}{0.6...

? 
! Undefined control sequence.
l.24 ...shading[bg,parent.bg]{tocsphere}{\pgfpoint
                                                  {-0.5ex}{0.6ex}}%
? 
! Undefined control sequence.
l.32 \pgfdeclareradialshading
                             [bg,parent.bg]{bigsphere}{\pgfpoint{-0.1849315e...

? 

! LaTeX Error: Missing \begin{document}.

See the LaTeX manual or LaTeX Companion for explanation.
Type  H <return>  for immediate help.
 ...                                              
                                                  
l.32 \pgfdeclareradialshading[
                              bg,parent.bg]{bigsphere}{\pgfpoint{-0.1849315e...

? 
! Undefined control sequence.
l.32 ...shading[bg,parent.bg]{bigsphere}{\pgfpoint
                                                  {-0.1849315ex}{.2260273ex}}%
? 
! Undefined control sequence.
l.40 \pgfdeclareradialshading
                             [bg,parent.bg]{smallsphere}{\pgfpoint{-0.147945...

? 

! LaTeX Error: Missing \begin{document}.

See the LaTeX manual or LaTeX Companion for explanation.
Type  H <return>  for immediate help.
 ...                                              
                                                  
l.40 \pgfdeclareradialshading[
                              bg,parent.bg]{smallsphere}{\pgfpoint{-0.147945...

? 
! Undefined control sequence.
l.40 ...ading[bg,parent.bg]{smallsphere}{\pgfpoint
                                                  {-0.1479452ex}{0.18287671e...

? 
\beamer@blockheadheight=\dimen137
)) (beamerbaselocalstructure.sty
Package: beamerbaselocalstructure 2007/01/28 (rcs-revision 1.53)

("C:\Program Files (x86)\MiKTeX 2.9\tex\latex\tools\enumerate.sty"
Package: enumerate 2014/10/28 v3.00 enumerate extensions (DPC)
\@enLab=\toks21
)
\c@figure=\count124
\c@table=\count125
\abovecaptionskip=\skip47
\belowcaptionskip=\skip48
)
(beamerbasenavigation.sty
Package: beamerbasenavigation 2007/01/28 (rcs-revision 1.36)

! Undefined control sequence.
l.203 \pgfdefobject
                   {beamerslidenavlight}{\pgfpoint{0pt}{-1pt}}{\pgfpoint{20p...

? 

! LaTeX Error: Missing \begin{document}.

See the LaTeX manual or LaTeX Companion for explanation.
Type  H <return>  for immediate help.
 ...                                              
                                                  
l.203 \pgfdefobject{b
                     eamerslidenavlight}{\pgfpoint{0pt}{-1pt}}{\pgfpoint{20p...

? 
! Undefined control sequence.
l.203 \pgfdefobject{beamerslidenavlight}{\pgfpoint
                                                  {0pt}{-1pt}}{\pgfpoint{20p...

? 
! Undefined control sequence.
l.203 ...navlight}{\pgfpoint{0pt}{-1pt}}{\pgfpoint
                                                  {20pt}{5pt}}
? 
! Undefined control sequence.
l.204  {\pgfpathqmoveto
                       {4bp}{0.5bp}
? 
! Undefined control sequence.
l.205   \pgfpathqlineto
                       {2bp}{2bp}
? 
! Undefined control sequence.
l.206   \pgfpathqlineto
                       {4bp}{3.5bp}
? 
! Undefined control sequence.
l.207   \pgfusepathqfill
                        
? 
! Undefined control sequence.
l.208   \pgfpathqmoveto
                       {16bp}{0.5bp}
? 
! Undefined control sequence.
l.209   \pgfpathqlineto
                       {18bp}{2bp}
? 
! Undefined control sequence.
l.210   \pgfpathqlineto
                       {16bp}{3.5bp}
? 
! Undefined control sequence.
l.211   \pgfusepathqfill
                        }
? 
! Undefined control sequence.
l.212 \pgfdefobject
                   {beamerslidenavstrong}{\pgfpoint{0pt}{-1pt}}{\pgfpoint{20...

? 
! Undefined control sequence.
l.212 ...defobject{beamerslidenavstrong}{\pgfpoint
                                                  {0pt}{-1pt}}{\pgfpoint{20p...

? 
! Undefined control sequence.
l.212 ...avstrong}{\pgfpoint{0pt}{-1pt}}{\pgfpoint
                                                  {20pt}{5pt}}
? 
! Undefined control sequence.
l.214   \pgfpathrectangle
                         {\pgfpoint{8.3pt}{0.8pt}}{\pgfpoint{3.4pt}{2.4pt}}%
? 
! Undefined control sequence.
l.214   \pgfpathrectangle{\pgfpoint
                                   {8.3pt}{0.8pt}}{\pgfpoint{3.4pt}{2.4pt}}%
? 
! Undefined control sequence.
l.214 ...tangle{\pgfpoint{8.3pt}{0.8pt}}{\pgfpoint
                                                  {3.4pt}{2.4pt}}%
? 
! Undefined control sequence.
l.215   \pgfusepathqstroke
                          %
? 
! Undefined control sequence.
l.228 \pgfdefobject
                   {beamerframenavlight}{\pgfpoint{0pt}{-1pt}}{\pgfpoint{20p...

? 

! LaTeX Error: Missing \begin{document}.

See the LaTeX manual or LaTeX Companion for explanation.
Type  H <return>  for immediate help.
 ...                                              
                                                  
l.228 \pgfdefobject{b
                     eamerframenavlight}{\pgfpoint{0pt}{-1pt}}{\pgfpoint{20p...

? 
! Undefined control sequence.
l.228 \pgfdefobject{beamerframenavlight}{\pgfpoint
                                                  {0pt}{-1pt}}{\pgfpoint{20p...

? 
! Undefined control sequence.
l.228 ...navlight}{\pgfpoint{0pt}{-1pt}}{\pgfpoint
                                                  {20pt}{5pt}}
? 
! Undefined control sequence.
l.229  {\pgfpathqmoveto
                       {4bp}{0.5bp}
? 
! Undefined control sequence.
l.230   \pgfpathqlineto
                       {2bp}{2bp}
? 
! Undefined control sequence.
l.231   \pgfpathqlineto
                       {4bp}{3.5bp}
? 
! Undefined control sequence.
l.232   \pgfpathqmoveto
                       {16bp}{0.5bp}
? 
! Undefined control sequence.
l.233   \pgfpathqlineto
                       {18bp}{2bp}
? 
! Undefined control sequence.
l.234   \pgfpathqlineto
                       {16bp}{3.5bp}
? 
! Undefined control sequence.
l.235   \pgfusepathqfill
                        }
? 
! Undefined control sequence.
l.236 \pgfdefobject
                   {beamerframenavstrong}{\pgfpoint{0pt}{-1pt}}{\pgfpoint{20...

? 
! Undefined control sequence.
l.236 ...defobject{beamerframenavstrong}{\pgfpoint
                                                  {0pt}{-1pt}}{\pgfpoint{20p...

? 
! Undefined control sequence.
l.236 ...avstrong}{\pgfpoint{0pt}{-1pt}}{\pgfpoint
                                                  {20pt}{5pt}}
? 
! Undefined control sequence.
l.238   \pgfpathrectangle
                         {\pgfpoint{7pt}{0pt}}{\pgfpoint{3.4pt}{2.4pt}}
? 
! Undefined control sequence.
l.238   \pgfpathrectangle{\pgfpoint
                                   {7pt}{0pt}}{\pgfpoint{3.4pt}{2.4pt}}
? 
! Undefined control sequence.
l.238 ...hrectangle{\pgfpoint{7pt}{0pt}}{\pgfpoint
                                                  {3.4pt}{2.4pt}}
? 
! Undefined control sequence.
l.239   \pgfpathqmoveto
                       {7.8bp}{2.4bp}
? 
! Undefined control sequence.
l.240   \pgfpathqlineto
                       {7.8bp}{3.2bp}
? 
! Undefined control sequence.
l.241   \pgfpathqlineto
                       {11.2bp}{3.2bp}
? 
! Undefined control sequence.
l.242   \pgfpathqlineto
                       {11.2bp}{.8bp}
? 
! Undefined control sequence.
l.243   \pgfpathqlineto
                       {10.4bp}{.8bp}
? 
! Undefined control sequence.
l.244   \pgfpathqmoveto
                       {8.6bp}{3.2bp}
? 
! Undefined control sequence.
l.245   \pgfpathqlineto
                       {8.6bp}{4bp}
? 
! Undefined control sequence.
l.246   \pgfpathqlineto
                       {12bp}{4bp}
? 
! Undefined control sequence.
l.247   \pgfpathqlineto
                       {12bp}{1.6bp}
? 
! Undefined control sequence.
l.248   \pgfpathqlineto
                       {11.2bp}{1.6bp}
? 
! Undefined control sequence.
l.249   \pgfusepathqstroke
                          }
? 
! Undefined control sequence.
l.262 \pgfdefobject
                   {beamersubsectionnavlight}{\pgfpoint{0pt}{-1pt}}{\pgfpoin...

? 

! LaTeX Error: Missing \begin{document}.

See the LaTeX manual or LaTeX Companion for explanation.
Type  H <return>  for immediate help.
 ...                                              
                                                  
l.262 \pgfdefobject{b
                     eamersubsectionnavlight}{\pgfpoint{0pt}{-1pt}}{\pgfpoin...

? 
! Undefined control sequence.
l.262 ...bject{beamersubsectionnavlight}{\pgfpoint
                                                  {0pt}{-1pt}}{\pgfpoint{20p...

? 
! Undefined control sequence.
l.262 ...navlight}{\pgfpoint{0pt}{-1pt}}{\pgfpoint
                                                  {20pt}{5pt}}
? 
! Undefined control sequence.
l.264   \pgfpathqmoveto
                       {4bp}{0.5bp}
? 
! Undefined control sequence.
l.265   \pgfpathqlineto
                       {2bp}{2bp}
? 
! Undefined control sequence.
l.266   \pgfpathqlineto
                       {4bp}{3.5bp}
? 
! Undefined control sequence.
l.267   \pgfpathqmoveto
                       {16bp}{0.5bp}
? 
! Undefined control sequence.
l.268   \pgfpathqlineto
                       {18bp}{2bp}
? 
! Undefined control sequence.
l.269   \pgfpathqlineto
                       {16bp}{3.5bp}
? 
! Undefined control sequence.
l.270   \pgfusepathqfill
                        
? 
! Undefined control sequence.
l.271   \pgfsetlinewidth
                        {0.6pt}
? 
! Undefined control sequence.
l.272   \pgfpathqmoveto
                       {8bp}{4bp}
? 
! Undefined control sequence.
l.273   \pgfpathqlineto
                       {11bp}{4bp}
? 
! Undefined control sequence.
l.274   \pgfpathqmoveto
                       {9bp}{2bp}
? 
! Undefined control sequence.
l.275   \pgfpathqlineto
                       {12bp}{2bp}
? 
! Undefined control sequence.
l.276   \pgfpathqmoveto
                       {8bp}{1bp}
? 
! Undefined control sequence.
l.277   \pgfpathqlineto
                       {11bp}{1bp}
? 
! Undefined control sequence.
l.278   \pgfpathqmoveto
                       {9bp}{0bp}
? 
! Undefined control sequence.
l.279   \pgfpathqlineto
                       {12bp}{0bp}
? 
! Undefined control sequence.
l.280   \pgfusepathqstroke
                          }
? 
! Undefined control sequence.
l.281 \pgfdefobject
                   {beamersubsectionnavstrong}{\pgfpoint{0pt}{-1pt}}{\pgfpoi...

? 
! Undefined control sequence.
l.281 ...ject{beamersubsectionnavstrong}{\pgfpoint
                                                  {0pt}{-1pt}}{\pgfpoint{20p...

? 
! Undefined control sequence.
l.281 ...avstrong}{\pgfpoint{0pt}{-1pt}}{\pgfpoint
                                                  {20pt}{5pt}}
? 
! Undefined control sequence.
l.283   \pgfsetlinewidth
                        {0.6pt}
? 
! Undefined control sequence.
l.284   \pgfpathqmoveto
                       {9bp}{3bp}
? 
! Undefined control sequence.
l.285   \pgfpathqlineto
                       {12bp}{3bp}
? 
! Undefined control sequence.
l.286   \pgfusepathqstroke
                          }
? 
! Undefined control sequence.
l.299 \pgfdefobject
                   {beamersectionnavlight}{\pgfpoint{0pt}{-1pt}}{\pgfpoint{2...

? 

! LaTeX Error: Missing \begin{document}.

See the LaTeX manual or LaTeX Companion for explanation.
Type  H <return>  for immediate help.
 ...                                              
                                                  
l.299 \pgfdefobject{b
                     eamersectionnavlight}{\pgfpoint{0pt}{-1pt}}{\pgfpoint{2...

? 
! Undefined control sequence.
l.299 ...efobject{beamersectionnavlight}{\pgfpoint
                                                  {0pt}{-1pt}}{\pgfpoint{20p...

? 
! Undefined control sequence.
l.299 ...navlight}{\pgfpoint{0pt}{-1pt}}{\pgfpoint
                                                  {20pt}{5pt}}
? 
! Undefined control sequence.
l.301   \pgfpathqmoveto
                       {4bp}{0.5bp}
? 
! Undefined control sequence.
l.302   \pgfpathqlineto
                       {2bp}{2bp}
? 
! Undefined control sequence.
l.303   \pgfpathqlineto
                       {4bp}{3.5bp}
? 
! Undefined control sequence.
l.304   \pgfpathqmoveto
                       {16bp}{0.5bp}
? 
! Undefined control sequence.
l.305   \pgfpathqlineto
                       {18bp}{2bp}
? 
! Undefined control sequence.
l.306   \pgfpathqlineto
                       {16bp}{3.5bp}
? 
! Undefined control sequence.
l.307   \pgfusepathqfill
                        
? 
! Undefined control sequence.
l.308   \pgfsetlinewidth
                        {0.6pt}
? 
! Undefined control sequence.
l.309   \pgfpathqmoveto
                       {8bp}{1bp}
? 
! Undefined control sequence.
l.310   \pgfpathqlineto
                       {11bp}{1bp}
? 
! Undefined control sequence.
l.311   \pgfpathqmoveto
                       {9bp}{0bp}
? 
! Undefined control sequence.
l.312   \pgfpathqlineto
                       {12bp}{0bp}
? 
! Undefined control sequence.
l.313   \pgfusepathqstroke
                          }
? 
! Undefined control sequence.
l.314 \pgfdefobject
                   {beamersectionnavstrong}{\pgfpoint{0pt}{-1pt}}{\pgfpoint{...

? 
! Undefined control sequence.
l.314 ...fobject{beamersectionnavstrong}{\pgfpoint
                                                  {0pt}{-1pt}}{\pgfpoint{20p...

? 
! Undefined control sequence.
l.314 ...avstrong}{\pgfpoint{0pt}{-1pt}}{\pgfpoint
                                                  {20pt}{5pt}}
? 
! Undefined control sequence.
l.316   \pgfsetlinewidth
                        {0.6pt}
? 
! Undefined control sequence.
l.317   \pgfpathqmoveto
                       {8bp}{4bp}
? 
! Undefined control sequence.
l.318   \pgfpathqlineto
                       {11bp}{4bp}
? 
! Undefined control sequence.
l.319   \pgfpathqmoveto
                       {9bp}{3bp}
? 
! Undefined control sequence.
l.320   \pgfpathqlineto
                       {12bp}{3bp}
? 
! Undefined control sequence.
l.321   \pgfpathqmoveto
                       {9bp}{2bp}
? 
! Undefined control sequence.
l.322   \pgfpathqlineto
                       {12bp}{2bp}
? 
! Undefined control sequence.
l.323   \pgfusepathqstroke
                          
? 
! Undefined control sequence.
l.337 \pgfdefobject
                   {beamerdocnavlight}{\pgfpoint{0pt}{-1pt}}{\pgfpoint{20pt}...

? 

! LaTeX Error: Missing \begin{document}.

See the LaTeX manual or LaTeX Companion for explanation.
Type  H <return>  for immediate help.
 ...                                              
                                                  
l.337 \pgfdefobject{b
                     eamerdocnavlight}{\pgfpoint{0pt}{-1pt}}{\pgfpoint{20pt}...

? 
! Undefined control sequence.
l.337 \pgfdefobject{beamerdocnavlight}{\pgfpoint
                                                {0pt}{-1pt}}{\pgfpoint{20pt}...

? 
! Undefined control sequence.
l.337 ...navlight}{\pgfpoint{0pt}{-1pt}}{\pgfpoint
                                                  {20pt}{5pt}}
? 
! Undefined control sequence.
l.339   \pgfpathqmoveto
                       {10bp}{-.5bp}
? 
! Undefined control sequence.
l.340   \pgfpathqlineto
                       {10bp}{4.5bp}
? 
! Undefined control sequence.
l.341   \pgfusepathqstroke
                          
? 
! Undefined control sequence.
l.343 \pgfdefobject
                   {beamerdocnavstrong}{\pgfpoint{0pt}{-1pt}}{\pgfpoint{20pt...

? 
! Undefined control sequence.
l.343 \pgfdefobject{beamerdocnavstrong}{\pgfpoint
                                                 {0pt}{-1pt}}{\pgfpoint{20pt...

? 
! Undefined control sequence.
l.343 ...avstrong}{\pgfpoint{0pt}{-1pt}}{\pgfpoint
                                                  {20pt}{5pt}}
? 
! Undefined control sequence.
l.345   \pgfsetlinewidth
                        {0.6pt}
? 
! Undefined control sequence.
l.346   \pgfpathqmoveto
                       {4bp}{4bp}
? 
! Undefined control sequence.
l.347   \pgfpathqlineto
                       {7bp}{4bp}
? 
! Undefined control sequence.
l.348   \pgfpathqmoveto
                       {5bp}{3bp}
? 
! Undefined control sequence.
l.349   \pgfpathqlineto
                       {8bp}{3bp}
? 
! Undefined control sequence.
l.350   \pgfpathqmoveto
                       {5bp}{2bp}
? 
! Undefined control sequence.
l.351   \pgfpathqlineto
                       {8bp}{2bp}
? 
! Undefined control sequence.
l.352   \pgfpathqmoveto
                       {3bp}{1bp}
? 
! Undefined control sequence.
l.353   \pgfpathqlineto
                       {7bp}{1bp}
? 
! Undefined control sequence.
l.354   \pgfpathqmoveto
                       {5bp}{0bp}
? 
! Undefined control sequence.
l.355   \pgfpathqlineto
                       {8bp}{0bp}
? 
! Undefined control sequence.
l.356   \pgfpathqmoveto
                       {12bp}{3bp}
? 
! Undefined control sequence.
l.357   \pgfpathqlineto
                       {15bp}{3bp}
? 
! Undefined control sequence.
l.358   \pgfpathqmoveto
                       {13bp}{2bp}
? 
! Undefined control sequence.
l.359   \pgfpathqlineto
                       {16bp}{2bp}
? 
! Undefined control sequence.
l.360   \pgfpathqmoveto
                       {13bp}{1bp}
? 
! Undefined control sequence.
l.361   \pgfpathqlineto
                       {16bp}{1bp}
? 
! Undefined control sequence.
l.362   \pgfusepathqstroke
                          
? 
! Undefined control sequence.
l.365 \pgfdefobject
                   {beamerdocnavstrongsingle}{\pgfpoint{0pt}{-1pt}}{\pgfpoin...

? 

! LaTeX Error: Missing \begin{document}.

See the LaTeX manual or LaTeX Companion for explanation.
Type  H <return>  for immediate help.
 ...                                              
                                                  
l.365 \pgfdefobject{b
                     eamerdocnavstrongsingle}{\pgfpoint{0pt}{-1pt}}{\pgfpoin...

? 
! Undefined control sequence.
l.365 ...bject{beamerdocnavstrongsingle}{\pgfpoint
                                                  {0pt}{-1pt}}{\pgfpoint{20p...

? 
! Undefined control sequence.
l.365 ...ngsingle}{\pgfpoint{0pt}{-1pt}}{\pgfpoint
                                                  {20pt}{5pt}}
? 
! Undefined control sequence.
l.367   \pgfsetlinewidth
                        {0.6pt}
? 
! Undefined control sequence.
l.368   \pgfpathqmoveto
                       {8bp}{4bp}
? 
! Undefined control sequence.
l.369   \pgfpathqlineto
                       {11bp}{4bp}
? 
! Undefined control sequence.
l.370   \pgfpathqmoveto
                       {9bp}{3bp}
? 
! Undefined control sequence.
l.371   \pgfpathqlineto
                       {12bp}{3bp}
? 
! Undefined control sequence.
l.372   \pgfpathqmoveto
                       {9bp}{2bp}
? 
! Undefined control sequence.
l.373   \pgfpathqlineto
                       {12bp}{2bp}
? 
! Undefined control sequence.
l.374   \pgfpathqmoveto
                       {8bp}{1bp}
? 
! Undefined control sequence.
l.375   \pgfpathqlineto
                       {11bp}{1bp}
? 
! Undefined control sequence.
l.376   \pgfpathqmoveto
                       {9bp}{0bp}
? 
! Undefined control sequence.
l.377   \pgfpathqlineto
                       {12bp}{0bp}
? 
! Undefined control sequence.
l.378   \pgfusepathqstroke
                          %
? 
! Undefined control sequence.
l.400 \pgfdefobject
                   {beamerbackfindforwardnav}{\pgfpoint{0pt}{-1pt}}{\pgfpoin...

? 

! LaTeX Error: Missing \begin{document}.

See the LaTeX manual or LaTeX Companion for explanation.
Type  H <return>  for immediate help.
 ...                                              
                                                  
l.400 \pgfdefobject{b
                     eamerbackfindforwardnav}{\pgfpoint{0pt}{-1pt}}{\pgfpoin...

? 
! Undefined control sequence.
l.400 ...bject{beamerbackfindforwardnav}{\pgfpoint
                                                  {0pt}{-1pt}}{\pgfpoint{20p...

? 
! Undefined control sequence.
l.400 ...rwardnav}{\pgfpoint{0pt}{-1pt}}{\pgfpoint
                                                  {20pt}{5pt}}
? 
! Undefined control sequence.
l.403   \pgfsetlinewidth
                        {0.6pt}
? 
! Undefined control sequence.
l.404   \pgfpathqmoveto
                       {10.4bp}{1.6bp}
? 
! Undefined control sequence.
l.405   \pgfpathqlineto
                       {12bp}{0bp}
? 
! Undefined control sequence.
l.406   \pgfusepathqstroke
                          
? 
! Undefined control sequence.
l.407   \pgfsetlinewidth
                        {0.4pt}
? 
! Undefined control sequence.
l.408   \pgfpathcircle
                      {\pgfpoint{9.5pt}{2.5pt}}{1.2pt}
? 
! Undefined control sequence.
l.408   \pgfpathcircle{\pgfpoint
                                {9.5pt}{2.5pt}}{1.2pt}
? 
! Undefined control sequence.
l.409   \pgfusepathqstroke
                          
? 
! Undefined control sequence.
l.411   \pgfsetroundcap
                       
? 
! Undefined control sequence.
l.412   \pgfpathqmoveto
                       {4bp}{0bp}
? 
! Undefined control sequence.
l.413   \pgfpathqcurveto
                        {5.1pt}{0pt}{6bp}{0.9bp}{6bp}{2bp}
? 
! Undefined control sequence.
l.414   \pgfpathqcurveto
                        {6bp}{3.1bp}{5.1bp}{4bp}{4bp}{4bp}
? 
! Undefined control sequence.
l.415   \pgfpathqcurveto
                        {2.9bp}{4bp}{2bp}{3.1bp}{2bp}{2bp}
? 
! Undefined control sequence.
l.416   \pgfpathqmoveto
                       {3.2bp}{2.6bp}
? 
! Undefined control sequence.
l.417   \pgfpathqlineto
                       {2bp}{1.6bp}
? 
! Undefined control sequence.
l.418   \pgfpathqlineto
                       {0.8bp}{2.6bp}
? 
! Undefined control sequence.
l.420   \pgfpathqmoveto
                       {16bp}{0bp}
? 
! Undefined control sequence.
l.421   \pgfpathqcurveto
                        {14.9bp}{0bp}{14bp}{0.9bp}{14bp}{2bp}
? 
! Undefined control sequence.
l.422   \pgfpathqcurveto
                        {14bp}{3.1bp}{14.9bp}{4bp}{16bp}{4bp}
? 
! Undefined control sequence.
l.423   \pgfpathqcurveto
                        {17.1bp}{4bp}{18bp}{3.1bp}{18bp}{2bp}
? 
! Undefined control sequence.
l.424   \pgfpathqmoveto
                       {19.2bp}{2.6bp}
? 
! Undefined control sequence.
l.425   \pgfpathqlineto
                       {18bp}{1.6bp}
? 
! Undefined control sequence.
l.426   \pgfpathqlineto
                       {16.8bp}{2.6bp}
? 
! Undefined control sequence.
l.427   \pgfusepathqstroke
                          
? 
! Undefined control sequence.
l.444 \pgfdefobject
                   {beamergotosymbol}{\pgfpoint{0pt}{-1pt}}{\pgfpoint{5pt}{5...

? 

! LaTeX Error: Missing \begin{document}.

See the LaTeX manual or LaTeX Companion for explanation.
Type  H <return>  for immediate help.
 ...                                              
                                                  
l.444 \pgfdefobject{b
                     eamergotosymbol}{\pgfpoint{0pt}{-1pt}}{\pgfpoint{5pt}{5...

? 
! Undefined control sequence.
l.444 \pgfdefobject{beamergotosymbol}{\pgfpoint
                                               {0pt}{-1pt}}{\pgfpoint{5pt}{5...

? 
! Undefined control sequence.
l.444 ...tosymbol}{\pgfpoint{0pt}{-1pt}}{\pgfpoint
                                                  {5pt}{5pt}}
? 
! Undefined control sequence.
l.446   \pgfpathqmoveto
                       {1.5bp}{0.5bp}
? 
! Undefined control sequence.
l.447   \pgfpathqlineto
                       {3.5bp}{2bp}
? 
! Undefined control sequence.
l.448   \pgfpathqlineto
                       {1.5bp}{3.5bp}
? 
! Undefined control sequence.
l.449   \pgfusepathqfill
                        
? 
! Undefined control sequence.
l.457 \pgfdefobject
                   {beamerskipsymbol}{\pgfpoint{0pt}{-1pt}}{\pgfpoint{7pt}{5...

? 

! LaTeX Error: Missing \begin{document}.

See the LaTeX manual or LaTeX Companion for explanation.
Type  H <return>  for immediate help.
 ...                                              
                                                  
l.457 \pgfdefobject{b
                     eamerskipsymbol}{\pgfpoint{0pt}{-1pt}}{\pgfpoint{7pt}{5...

? 
! Undefined control sequence.
l.457 \pgfdefobject{beamerskipsymbol}{\pgfpoint
                                               {0pt}{-1pt}}{\pgfpoint{7pt}{5...

? 
! Undefined control sequence.
l.457 ...ipsymbol}{\pgfpoint{0pt}{-1pt}}{\pgfpoint
                                                  {7pt}{5pt}}
? 
! Undefined control sequence.
l.459   \pgfpathqmoveto
                       {1.5bp}{0.5bp}
? 
! Undefined control sequence.
l.460   \pgfpathqlineto
                       {3.5bp}{2bp}
? 
! Undefined control sequence.
l.461   \pgfpathqlineto
                       {1.5bp}{3.5bp}
? 
! Undefined control sequence.
l.462   \pgfpathqmoveto
                       {3.5bp}{0.5bp}
? 
! Undefined control sequence.
l.463   \pgfpathqlineto
                       {5.5bp}{2bp}
? 
! Undefined control sequence.
l.464   \pgfpathqlineto
                       {3.5bp}{3.5bp}
? 
! Undefined control sequence.
l.465   \pgfusepathqfill
                        
? 
! Undefined control sequence.
l.474 \pgfdefobject
                   {beamerreturnsymbol}{\pgfpoint{0pt}{-1pt}}{\pgfpoint{5pt}...

? 

! LaTeX Error: Missing \begin{document}.

See the LaTeX manual or LaTeX Companion for explanation.
Type  H <return>  for immediate help.
 ...                                              
                                                  
l.474 \pgfdefobject{b
                     eamerreturnsymbol}{\pgfpoint{0pt}{-1pt}}{\pgfpoint{5pt}...

? 
! Undefined control sequence.
l.474 \pgfdefobject{beamerreturnsymbol}{\pgfpoint
                                                 {0pt}{-1pt}}{\pgfpoint{5pt}...

? 
! Undefined control sequence.
l.474 ...rnsymbol}{\pgfpoint{0pt}{-1pt}}{\pgfpoint
                                                  {5pt}{5pt}}
? 
! Undefined control sequence.
l.476   \pgfpathqmoveto
                       {3.5bp}{0.5bp}
? 
! Undefined control sequence.
l.477   \pgfpathqlineto
                       {1.5bp}{2bp}
? 
! Undefined control sequence.
l.478   \pgfpathqlineto
                       {3.5bp}{3.5bp}
? 
! Undefined control sequence.
l.479   \pgfusepathqfill
                        
? 
) (beamerbasetheorems.sty
Package: beamerbasetheorems 2007/01/28 (rcs-revision 1.10)

("C:\Program Files (x86)\MiKTeX 2.9\tex\latex\amsmath\amsmath.sty"
Package: amsmath 2013/01/14 v2.14 AMS math features
\@mathmargin=\skip49

For additional information on amsmath, use the `?' option.
("C:\Program Files (x86)\MiKTeX 2.9\tex\latex\amsmath\amstext.sty"
Package: amstext 2000/06/29 v2.01

("C:\Program Files (x86)\MiKTeX 2.9\tex\latex\amsmath\amsgen.sty"
File: amsgen.sty 1999/11/30 v2.0
\@emptytoks=\toks22
\ex@=\dimen138
))
("C:\Program Files (x86)\MiKTeX 2.9\tex\latex\amsmath\amsbsy.sty"
Package: amsbsy 1999/11/29 v1.2d
\pmbraise@=\dimen139
)
("C:\Program Files (x86)\MiKTeX 2.9\tex\latex\amsmath\amsopn.sty"
Package: amsopn 1999/12/14 v2.01 operator names
)
\inf@bad=\count126
LaTeX Info: Redefining \frac on input line 210.
\uproot@=\count127
\leftroot@=\count128
LaTeX Info: Redefining \overline on input line 306.
\classnum@=\count129
\DOTSCASE@=\count130
LaTeX Info: Redefining \ldots on input line 378.
LaTeX Info: Redefining \dots on input line 381.
LaTeX Info: Redefining \cdots on input line 466.
\Mathstrutbox@=\box45
\strutbox@=\box46
\big@size=\dimen140
LaTeX Font Info:    Redeclaring font encoding OML on input line 566.
LaTeX Font Info:    Redeclaring font encoding OMS on input line 567.
\macc@depth=\count131
\c@MaxMatrixCols=\count132
\dotsspace@=\muskip11
\c@parentequation=\count133
\dspbrk@lvl=\count134
\tag@help=\toks23
\row@=\count135
\column@=\count136
\maxfields@=\count137
\andhelp@=\toks24
\eqnshift@=\dimen141
\alignsep@=\dimen142
\tagshift@=\dimen143
\tagwidth@=\dimen144
\totwidth@=\dimen145
\lineht@=\dimen146
\@envbody=\toks25
\multlinegap=\skip50
\multlinetaggap=\skip51
\mathdisplay@stack=\toks26
LaTeX Info: Redefining \[ on input line 2665.
LaTeX Info: Redefining \] on input line 2666.
)
("C:\Program Files (x86)\MiKTeX 2.9\tex\latex\amscls\amsthm.sty"
Package: amsthm 2015/03/04 v2.20.2
\thm@style=\toks27
\thm@bodyfont=\toks28
\thm@headfont=\toks29
\thm@notefont=\toks30
\thm@headpunct=\toks31
\thm@preskip=\skip52
\thm@postskip=\skip53
\thm@headsep=\skip54
\dth@everypar=\toks32
)
\c@theorem=\count138
)
(beamerbasethemes.sty
Package: beamerbasethemes 2007/01/28 (rcs-revision 1.10)
)

! LaTeX Error: File `beamerthemedefault.sty' not found.

Type X to quit or <RETURN> to proceed,
or enter new name. (Default extension: sty)

Enter file name: 
)

! LaTeX Error: File `beamercolorthemealbatross.sty' not found.

Type X to quit or <RETURN> to proceed,
or enter new name. (Default extension: sty)

Enter file name: 
("C:\Program Files (x86)\MiKTeX 2.9\tex\latex\graphics\graphicx.sty"
Package: graphicx 2014/10/28 v1.0g Enhanced LaTeX Graphics (DPC,SPQR)

("C:\Program Files (x86)\MiKTeX 2.9\tex\latex\graphics\graphics.sty"
Package: graphics 2014/10/28 v1.0p Standard LaTeX Graphics (DPC,SPQR)

("C:\Program Files (x86)\MiKTeX 2.9\tex\latex\graphics\trig.sty"
Package: trig 1999/03/16 v1.09 sin cos tan (DPC)
)
("C:\Program Files (x86)\MiKTeX 2.9\tex\latex\00miktex\graphics.cfg"
File: graphics.cfg 2007/01/18 v1.5 graphics configuration of teTeX/TeXLive
)
Package graphics Info: Driver file: pdftex.def on input line 94.

("C:\Program Files (x86)\MiKTeX 2.9\tex\latex\pdftex-def\pdftex.def"
File: pdftex.def 2011/05/27 v0.06d Graphics/color for pdfTeX
\Gread@gobject=\count139
))
\Gin@req@height=\dimen147
\Gin@req@width=\dimen148
)

! LaTeX Error: File `booktabs.sty' not found.

Type X to quit or <RETURN> to proceed,
or enter new name. (Default extension: sty)

Enter file name: 
(presentation_1.aux)
LaTeX Font Info:    Checking defaults for OML/cmm/m/it on input line 97.
LaTeX Font Info:    ... okay on input line 97.
LaTeX Font Info:    Checking defaults for T1/cmr/m/n on input line 97.
LaTeX Font Info:    ... okay on input line 97.
LaTeX Font Info:    Checking defaults for OT1/cmr/m/n on input line 97.
LaTeX Font Info:    ... okay on input line 97.
LaTeX Font Info:    Checking defaults for OMS/cmsy/m/n on input line 97.
LaTeX Font Info:    ... okay on input line 97.
LaTeX Font Info:    Checking defaults for OMX/cmex/m/n on input line 97.
LaTeX Font Info:    ... okay on input line 97.
LaTeX Font Info:    Checking defaults for U/cmr/m/n on input line 97.
LaTeX Font Info:    ... okay on input line 97.
LaTeX Font Info:    Checking defaults for PD1/pdf/m/n on input line 97.
LaTeX Font Info:    ... okay on input line 97.

*geometry* driver: auto-detecting
*geometry* detected driver: pdftex
! Undefined control sequence.
\Gm@lmargin ->\Geom@lmargin 
                            
l.97 \begin{document}
                     
? 
! Undefined control sequence.
\Gm@rmargin ->\Geom@rmargin 
                            
l.97 \begin{document}
                     
? 
*geometry* verbose mode - [ preamble ] result:
* driver: pdftex
* paper: custom
* layout: <same size as paper>
* layoutoffset:(h,v)=(0.0pt,0.0pt)
* modes: 
* h-part:(L,W,R)=(, 307.28987pt, )
* v-part:(T,H,B)=(0.0pt, 273.14662pt, 0.0pt)
* \paperwidth=364.19536pt
* \paperheight=273.14662pt
* \textwidth=307.28987pt
* \textheight=273.14662pt
* \oddsidemargin=-43.81725pt
* \evensidemargin=-43.81725pt
* \topmargin=-86.49635pt
* \headheight=14.22636pt
* \headsep=0.0pt
* \topskip=11.0pt
* \footskip=14.22636pt
* \marginparwidth=4.0pt
* \marginparsep=10.0pt
* \columnsep=10.0pt
* \skip\footins=10.0pt plus 4.0pt minus 2.0pt
* \hoffset=0.0pt
* \voffset=0.0pt
* \mag=1000
* \@twocolumnfalse
* \@twosidefalse
* \@mparswitchfalse
* \@reversemarginfalse
* (1in=72.27pt=25.4mm, 1cm=28.453pt)

\AtBeginShipoutBox=\box47
Package hyperref Info: Link coloring OFF on input line 97.
("C:\Program Files (x86)\MiKTeX 2.9\tex\latex\hyperref\nameref.sty"
Package: nameref 2012/10/27 v2.43 Cross-referencing by name of section

("C:\Program Files (x86)\MiKTeX 2.9\tex\generic\oberdiek\gettitlestring.sty"
Package: gettitlestring 2010/12/03 v1.4 Cleanup title references (HO)
)
\c@section@level=\count140
)
LaTeX Info: Redefining \ref on input line 97.
LaTeX Info: Redefining \pageref on input line 97.
LaTeX Info: Redefining \nameref on input line 97.
\@outlinefile=\write4
LaTeX Font Info:    Overwriting symbol font `operators' in version `normal'
(Font)                  OT1/cmr/m/n --> OT1/cmss/m/n on input line 97.
LaTeX Font Info:    Overwriting symbol font `operators' in version `bold'
(Font)                  OT1/cmr/bx/n --> OT1/cmss/bx/n on input line 97.
\symnumbers=\mathgroup6
\sympureletters=\mathgroup7
LaTeX Font Info:    Overwriting math alphabet `\mathrm' in version `normal'
(Font)                  OT1/cmss/m/n --> OT1/cmr/m/n on input line 97.
LaTeX Font Info:    Redeclaring math alphabet \mathbf on input line 97.
LaTeX Font Info:    Overwriting math alphabet `\mathbf' in version `normal'
(Font)                  OT1/cmr/bx/n --> OT1/cmss/bx/n on input line 97.
LaTeX Font Info:    Overwriting math alphabet `\mathbf' in version `bold'
(Font)                  OT1/cmr/bx/n --> OT1/cmss/bx/n on input line 97.
LaTeX Font Info:    Redeclaring math alphabet \mathsf on input line 97.
LaTeX Font Info:    Overwriting math alphabet `\mathsf' in version `normal'
(Font)                  OT1/cmss/m/n --> OT1/cmss/m/n on input line 97.
LaTeX Font Info:    Overwriting math alphabet `\mathsf' in version `bold'
(Font)                  OT1/cmss/bx/n --> OT1/cmss/m/n on input line 97.
LaTeX Font Info:    Redeclaring math alphabet \mathit on input line 97.
LaTeX Font Info:    Overwriting math alphabet `\mathit' in version `normal'
(Font)                  OT1/cmr/m/it --> OT1/cmss/m/it on input line 97.
LaTeX Font Info:    Overwriting math alphabet `\mathit' in version `bold'
(Font)                  OT1/cmr/bx/it --> OT1/cmss/m/it on input line 97.
LaTeX Font Info:    Redeclaring math alphabet \mathtt on input line 97.
LaTeX Font Info:    Overwriting math alphabet `\mathtt' in version `normal'
(Font)                  OT1/cmtt/m/n --> OT1/cmtt/m/n on input line 97.
LaTeX Font Info:    Overwriting math alphabet `\mathtt' in version `bold'
(Font)                  OT1/cmtt/m/n --> OT1/cmtt/m/n on input line 97.
LaTeX Font Info:    Overwriting symbol font `numbers' in version `bold'
(Font)                  OT1/cmss/m/n --> OT1/cmss/bx/n on input line 97.
LaTeX Font Info:    Overwriting symbol font `pureletters' in version `bold'
(Font)                  OT1/cmss/m/it --> OT1/cmss/bx/it on input line 97.
LaTeX Font Info:    Overwriting math alphabet `\mathrm' in version `bold'
(Font)                  OT1/cmss/bx/n --> OT1/cmr/bx/n on input line 97.
LaTeX Font Info:    Overwriting math alphabet `\mathbf' in version `bold'
(Font)                  OT1/cmss/bx/n --> OT1/cmss/bx/n on input line 97.
LaTeX Font Info:    Overwriting math alphabet `\mathsf' in version `bold'
(Font)                  OT1/cmss/m/n --> OT1/cmss/bx/n on input line 97.
LaTeX Font Info:    Overwriting math alphabet `\mathit' in version `bold'
(Font)                  OT1/cmss/m/it --> OT1/cmss/bx/it on input line 97.
LaTeX Font Info:    Overwriting math alphabet `\mathtt' in version `bold'
(Font)                  OT1/cmtt/m/n --> OT1/cmtt/bx/n on input line 97.

! Undefined control sequence.
\\beamer@usebeamercolor ...c@fg \@empty \@namelet 
                                                  {\string \color@ temp@fg}{...
l.97 \begin{document}
                     
? 
! Undefined control sequence.
\\beamer@usebeamercolor ...c@bg \@empty \@namelet 
                                                  {\string \color@ temp@bg}{...
l.97 \begin{document}
                     
? 
! Undefined control sequence.
\\beamer@usebeamercolor ...dcsname }\fi \@namelet 
                                                  {\string \color@ parent.fg...
l.97 \begin{document}
                     
? 
! Undefined control sequence.
\\beamer@usebeamercolor ...g \color@ fg}\@namelet 
                                                  {\string \color@ parent.bg...
l.97 \begin{document}
                     
? 
! Undefined control sequence.
\\beamer@usebeamercolor ...g \color@ bg}\@namelet 
                                                  {\string \color@ fg}{\stri...
l.97 \begin{document}
                     
? 
! Undefined control sequence.
\\beamer@usebeamercolor ...lor@ temp@fg}\@namelet 
                                                  {\string \color@ bg}{\stri...
l.97 \begin{document}
                     
? 
! Undefined control sequence.
\\beamer@usebeamercolor ...roup \global \@namelet 
                                                  {\string \color@ #2.fg}{\s...
l.97 \begin{document}
                     
? 
! You can't use a prefix with `begin-group character {'.
<to be read again> 
                   {
l.97 \begin{document}
                     
? 
! Undefined control sequence.
\\beamer@usebeamercolor ...p@fg}\global \@namelet 
                                                  {\string \color@ #2.bg}{\s...
l.97 \begin{document}
                     
? 
! You can't use a prefix with `begin-group character {'.
<to be read again> 
                   {
l.97 \begin{document}
                     
? 
! Undefined control sequence.
\\beamer@usebeamercolor ...c@fg \@empty \@namelet 
                                                  {\string \color@ temp@fg}{...
l.97 \begin{document}
                     
? 
! Undefined control sequence.
\\beamer@usebeamercolor ...c@bg \@empty \@namelet 
                                                  {\string \color@ temp@bg}{...
l.97 \begin{document}
                     
? 
! Undefined control sequence.
\\beamer@usebeamercolor ...dcsname }\fi \@namelet 
                                                  {\string \color@ parent.fg...
l.97 \begin{document}
                     
? 
! Undefined control sequence.
\\beamer@usebeamercolor ...g \color@ fg}\@namelet 
                                                  {\string \color@ parent.bg...
l.97 \begin{document}
                     
? 
! Undefined control sequence.
\\beamer@usebeamercolor ...g \color@ bg}\@namelet 
                                                  {\string \color@ fg}{\stri...
l.97 \begin{document}
                     
? 
! Undefined control sequence.
\\beamer@usebeamercolor ...lor@ temp@fg}\@namelet 
                                                  {\string \color@ bg}{\stri...
l.97 \begin{document}
                     
? 
! Undefined control sequence.
\\beamer@usebeamercolor ...roup \global \@namelet 
                                                  {\string \color@ #2.fg}{\s...
l.97 \begin{document}
                     
? 
! You can't use a prefix with `begin-group character {'.
<to be read again> 
                   {
l.97 \begin{document}
                     
? 
! Undefined control sequence.
\\beamer@usebeamercolor ...p@fg}\global \@namelet 
                                                  {\string \color@ #2.bg}{\s...
l.97 \begin{document}
                     
? 
! You can't use a prefix with `begin-group character {'.
<to be read again> 
                   {
l.97 \begin{document}
                     
? 
! Undefined control sequence.
\\beamer@usebeamercolor ...c@fg \@empty \@namelet 
                                                  {\string \color@ temp@fg}{...
l.97 \begin{document}
                     
? 
! Undefined control sequence.
\\beamer@usebeamercolor ...c@bg \@empty \@namelet 
                                                  {\string \color@ temp@bg}{...
l.97 \begin{document}
                     
? 
! Undefined control sequence.
\\beamer@usebeamercolor ...dcsname }\fi \@namelet 
                                                  {\string \color@ parent.fg...
l.97 \begin{document}
                     
? 
! Undefined control sequence.
\\beamer@usebeamercolor ...g \color@ fg}\@namelet 
                                                  {\string \color@ parent.bg...
l.97 \begin{document}
                     
? 
! Undefined control sequence.
\\beamer@usebeamercolor ...g \color@ bg}\@namelet 
                                                  {\string \color@ fg}{\stri...
l.97 \begin{document}
                     
? 
! Undefined control sequence.
\\beamer@usebeamercolor ...lor@ temp@fg}\@namelet 
                                                  {\string \color@ bg}{\stri...
l.97 \begin{document}
                     
? 
! Undefined control sequence.
\\beamer@usebeamercolor ...roup \global \@namelet 
                                                  {\string \color@ #2.fg}{\s...
l.97 \begin{document}
                     
? 
! You can't use a prefix with `begin-group character {'.
<to be read again> 
                   {
l.97 \begin{document}
                     
? 
! Undefined control sequence.
\\beamer@usebeamercolor ...p@fg}\global \@namelet 
                                                  {\string \color@ #2.bg}{\s...
l.97 \begin{document}
                     
? 
! You can't use a prefix with `begin-group character {'.
<to be read again> 
                   {
l.97 \begin{document}
                     
? 
! Undefined control sequence.
\\beamer@usebeamercolor ...c@fg \@empty \@namelet 
                                                  {\string \color@ temp@fg}{...
l.97 \begin{document}
                     
? 
! Undefined control sequence.
\\beamer@usebeamercolor ...c@bg \@empty \@namelet 
                                                  {\string \color@ temp@bg}{...
l.97 \begin{document}
                     
? 
! Undefined control sequence.
\\beamer@usebeamercolor ...dcsname }\fi \@namelet 
                                                  {\string \color@ parent.fg...
l.97 \begin{document}
                     
? 
! Undefined control sequence.
\\beamer@usebeamercolor ...g \color@ fg}\@namelet 
                                                  {\string \color@ parent.bg...
l.97 \begin{document}
                     
? 
! Undefined control sequence.
\\beamer@usebeamercolor ...g \color@ bg}\@namelet 
                                                  {\string \color@ fg}{\stri...
l.97 \begin{document}
                     
? 
! Undefined control sequence.
\\beamer@usebeamercolor ...lor@ temp@fg}\@namelet 
                                                  {\string \color@ bg}{\stri...
l.97 \begin{document}
                     
? 
! Undefined control sequence.
\\beamer@usebeamercolor ...roup \global \@namelet 
                                                  {\string \color@ #2.fg}{\s...
l.97 \begin{document}
                     
? 
! You can't use a prefix with `begin-group character {'.
<to be read again> 
                   {
l.97 \begin{document}
                     
? 
! Undefined control sequence.
\\beamer@usebeamercolor ...p@fg}\global \@namelet 
                                                  {\string \color@ #2.bg}{\s...
l.97 \begin{document}
                     
? 
! You can't use a prefix with `begin-group character {'.
<to be read again> 
                   {
l.97 \begin{document}
                     
? 
! Undefined control sequence.
\\beamer@usebeamercolor ...c@fg \@empty \@namelet 
                                                  {\string \color@ temp@fg}{...
l.97 \begin{document}
                     
? 
! Undefined control sequence.
\\beamer@usebeamercolor ...c@bg \@empty \@namelet 
                                                  {\string \color@ temp@bg}{...
l.97 \begin{document}
                     
? 
! Undefined control sequence.
\\beamer@usebeamercolor ...dcsname }\fi \@namelet 
                                                  {\string \color@ parent.fg...
l.97 \begin{document}
                     
? 
! Undefined control sequence.
\\beamer@usebeamercolor ...g \color@ fg}\@namelet 
                                                  {\string \color@ parent.bg...
l.97 \begin{document}
                     
? 
! Undefined control sequence.
\\beamer@usebeamercolor ...g \color@ bg}\@namelet 
                                                  {\string \color@ fg}{\stri...
l.97 \begin{document}
                     
? 
! Undefined control sequence.
\\beamer@usebeamercolor ...lor@ temp@fg}\@namelet 
                                                  {\string \color@ bg}{\stri...
l.97 \begin{document}
                     
? 
! Undefined control sequence.
\\beamer@usebeamercolor ...roup \global \@namelet 
                                                  {\string \color@ #2.fg}{\s...
l.97 \begin{document}
                     
? 
! You can't use a prefix with `begin-group character {'.
<to be read again> 
                   {
l.97 \begin{document}
                     
? 
! Undefined control sequence.
\\beamer@usebeamercolor ...p@fg}\global \@namelet 
                                                  {\string \color@ #2.bg}{\s...
l.97 \begin{document}
                     
? 
! You can't use a prefix with `begin-group character {'.
<to be read again> 
                   {
l.97 \begin{document}
                     
? 
! Undefined control sequence.
\\beamer@usebeamercolor ...c@fg \@empty \@namelet 
                                                  {\string \color@ temp@fg}{...
l.97 \begin{document}
                     
? 
! Emergency stop.
\\beamer@usebeamercolor ...c@fg \@empty \@namelet 
                                                  {\string \color@ temp@fg}{...
l.97 \begin{document}
                     
End of file on the terminal!

 
Here is how much of TeX's memory you used:
 7738 strings out of 493673
 126967 string characters out of 3141498
 232130 words of memory out of 3000000
 10986 multiletter control sequences out of 15000+200000
 4245 words of font info for 16 fonts, out of 3000000 for 9000
 1025 hyphenation exceptions out of 8191
 41i,0n,33p,349b,281s stack positions out of 5000i,500n,10000p,200000b,50000s
!  ==> Fatal error occurred, no output PDF file produced!
