This is pdfTeX, Version 3.14159265-2.6-1.40.16 (MiKTeX 2.9) (preloaded format=pdflatex 2015.9.10)  5 DEC 2015 14:24
entering extended mode
**"C:/Users/Avell G1711 NEW/Desktop/Monografia/Seminário/latex-beamer-3.07/lat
ex-beamer-3.07/examples/a-conference-talk/beamerexample-conference-talk.tex"

("C:/Users/Avell G1711 NEW/Desktop/Monografia/Seminário/latex-beamer-3.07/late
x-beamer-3.07/examples/a-conference-talk/beamerexample-conference-talk.tex"
LaTeX2e <2015/01/01> patch level 2
Babel <3.9m> and hyphenation patterns for 69 languages loaded.

! LaTeX Error: File `beamer.cls' not found.

Type X to quit or <RETURN> to proceed,
or enter new name. (Default extension: cls)

Enter file name: 
! Undefined control sequence.
l.24 \usetheme
              {Darmstadt}
? 
! Emergency stop.
l.24 \usetheme
              {Darmstadt}
End of file on the terminal!

 
Here is how much of TeX's memory you used:
 12 strings out of 493673
 606 string characters out of 3141498
 52455 words of memory out of 3000000
 3457 multiletter control sequences out of 15000+200000
 3640 words of font info for 14 fonts, out of 3000000 for 9000
 1025 hyphenation exceptions out of 8191
 10i,0n,7p,215b,8s stack positions out of 5000i,500n,10000p,200000b,50000s
!  ==> Fatal error occurred, no output PDF file produced!
